android/app/build/outputs/mapping/release/seeds.txt
com.example.mzadcom.MainActivity
com.example.mzadcom.MainActivity: MainActivity()
...
androidx.media3.extractor.mp4.Mp4Extractor: Mp4Extractor()
com.google.common.collect.ImmutableMap: ImmutableMap()
androidx.media3.exoplayer.smoothstreaming.SsMediaSource$Factory: SsMediaSource$Factory(androidx.media3.datasource.DataSource$Factory)
androidx.appcompat.widget.AppCompatTextViewAutoSizeHelper$Impl23: void computeAndSetTextDirection(android.text.StaticLayout$Builder,android.widget.TextView)
androidx.core.view.ViewCompat$Api21Impl: void setBackgroundTintMode(android.view.View,android.graphics.PorterDuff$Mode)
io.flutter.embedding.engine.FlutterJNI: void nativeSurfaceCreated(long,android.view.Surface)
io.flutter.embedding.engine.systemchannels.LifecycleChannel$AppLifecycleState: io.flutter.embedding.engine.systemchannels.LifecycleChannel$AppLifecycleState[] values()
androidx.core.app.NotificationCompatBuilder$Api26Impl: android.app.Notification$Builder setColorized(android.app.Notification$Builder,boolean)
androidx.vectordrawable.graphics.drawable.VectorDrawableCompat$VFullPath: float getTrimPathStart()
androidx.appcompat.widget.ActionBarContainer: void setTabContainer(androidx.appcompat.widget.ScrollingTabContainerView)
androidx.core.os.ConfigurationCompat$Api24Impl: android.os.LocaleList getLocales(android.content.res.Configuration)
androidx.lifecycle.ReportFragment$LifecycleCallbacks: void onActivityPrePaused(android.app.Activity)
androidx.appcompat.widget.SearchView: void setImeOptions(int)
androidx.core.view.WindowInsetsCompat$BuilderImpl29: WindowInsetsCompat$BuilderImpl29()
io.flutter.plugin.editing.TextInputPlugin$InputTarget$Type: io.flutter.plugin.editing.TextInputPlugin$InputTarget$Type valueOf(java.lang.String)
androidx.biometric.CryptoObjectUtils$Api28Impl: android.hardware.biometrics.BiometricPrompt$CryptoObject create(java.security.Signature)
androidx.core.view.DisplayCutoutCompat$Api28Impl: java.util.List getBoundingRects(android.view.DisplayCutout)
androidx.core.app.NotificationCompatBuilder$Api26Impl: android.app.Notification$Builder setTimeoutAfter(android.app.Notification$Builder,long)
androidx.core.view.WindowInsetsCompat$Impl30: void copyRootViewBounds(android.view.View)
androidx.preference.DialogPreference: DialogPreference(android.content.Context,android.util.AttributeSet)
io.flutter.embedding.engine.FlutterJNI: void invokePlatformMessageEmptyResponseCallback(int)
androidx.biometric.BiometricManager$Api30Impl: int canAuthenticate(android.hardware.biometrics.BiometricManager,int)
androidx.appcompat.widget.ActionBarContainer: android.view.View getTabContainer()
io.flutter.embedding.android.RenderMode: io.flutter.embedding.android.RenderMode[] values()
io.flutter.embedding.engine.renderer.FlutterRenderer$ImageReaderSurfaceProducer: void waitOnFence(android.media.Image)
androidx.collection.ArrayMap: ArrayMap()
io.flutter.plugins.googlemaps.Messages$PlatformCameraUpdateZoomBy: Messages$PlatformCameraUpdateZoomBy()
androidx.recyclerview.widget.RecyclerView: void setRecyclerListener(androidx.recyclerview.widget.RecyclerView$RecyclerListener)
androidx.media3.extractor.text.SubtitleInputBuffer: SubtitleInputBuffer()
io.flutter.embedding.android.FlutterView: void setDelegate(io.flutter.embedding.android.FlutterViewDelegate)
androidx.lifecycle.ProcessLifecycleOwner$attach$1: void onActivityPaused(android.app.Activity)
androidx.core.view.WindowInsetsCompat$BuilderImpl20: void setSystemWindowInsets(androidx.core.graphics.Insets)
androidx.appcompat.widget.AppCompatButton: int getAutoSizeStepGranularity()
androidx.appcompat.widget.Toolbar: android.graphics.drawable.Drawable getCollapseIcon()
androidx.appcompat.widget.ContentFrameLayout: android.util.TypedValue getFixedHeightMinor()
androidx.lifecycle.ReportFragment$LifecycleCallbacks: ReportFragment$LifecycleCallbacks()
androidx.datastore.preferences.PreferencesProto$Value$ValueCase: androidx.datastore.preferences.PreferencesProto$Value$ValueCase[] values()