android/app/build/outputs/mapping/release/usage.txt
com.example.mzadcom.BuildConfig
com.example.mzadcom.R$anim
com.example.mzadcom.R$animator
com.example.mzadcom.R$array
com.example.mzadcom.R$attr
com.example.mzadcom.R$bool
com.example.mzadcom.R$color
com.example.mzadcom.R$dimen
com.example.mzadcom.R$drawable
com.example.mzadcom.R$id
com.example.mzadcom.R$integer
com.example.mzadcom.R$interpolator
com.example.mzadcom.R$layout
com.example.mzadcom.R$mipmap
com.example.mzadcom.R$string
com.example.mzadcom.R$style
com.example.mzadcom.R$styleable
com.example.mzadcom.R
...
androidx.media3.exoplayer.DefaultRenderersFactory$ExtensionRendererMode
androidx.media3.exoplayer.DefaultRenderersFactory:
    public static final long DEFAULT_ALLOWED_VIDEO_JOINING_TIME_MS
    public static final int EXTENSION_RENDERER_MODE_OFF
    public static final int EXTENSION_RENDERER_MODE_ON
    public static final int EXTENSION_RENDERER_MODE_PREFER
    public static final int MAX_DROPPED_VIDEO_FRAME_COUNT_TO_NOTIFY
    private static final java.lang.String TAG
    public final androidx.media3.exoplayer.DefaultRenderersFactory experimentalSetMediaCodecAsyncCryptoFlagEnabled(boolean)
    public final androidx.media3.exoplayer.DefaultRenderersFactory forceDisableMediaCodecAsynchronousQueueing()
    public final androidx.media3.exoplayer.DefaultRenderersFactory forceEnableMediaCodecAsynchronousQueueing()
    public final androidx.media3.exoplayer.DefaultRenderersFactory setAllowedVideoJoiningTimeMs(long)
    public final androidx.media3.exoplayer.DefaultRenderersFactory setEnableAudioFloatOutput(boolean)
    public final androidx.media3.exoplayer.DefaultRenderersFactory setEnableAudioTrackPlaybackParams(boolean)
    public final androidx.media3.exoplayer.DefaultRenderersFactory setEnableDecoderFallback(boolean)
    public final androidx.media3.exoplayer.DefaultRenderersFactory setExtensionRendererMode(int)
    public final androidx.media3.exoplayer.DefaultRenderersFactory setMediaCodecSelector(androidx.media3.exoplayer.mediacodec.MediaCodecSelector)
androidx.media3.exoplayer.ExoPlaybackException$Type
androidx.media3.exoplayer.ExoPlaybackException:
    public static final int TYPE_REMOTE
    public static final int TYPE_RENDERER
    public static final int TYPE_SOURCE
    public static final int TYPE_UNEXPECTED
    private void <init>(android.os.Bundle)
    public static androidx.media3.exoplayer.ExoPlaybackException createForRemote(java.lang.String)
    public static androidx.media3.exoplayer.ExoPlaybackException createForUnexpected(java.lang.RuntimeException)
    public boolean errorInfoEquals(androidx.media3.common.PlaybackException)
    public static androidx.media3.exoplayer.ExoPlaybackException fromBundle(android.os.Bundle)
    public java.lang.Exception getRendererException()
    public java.io.IOException getSourceException()
    public java.lang.RuntimeException getUnexpectedException()
    public android.os.Bundle toBundle()
androidx.media3.exoplayer.ExoPlayer$AudioComponent
androidx.media3.exoplayer.ExoPlayer$Builder:
    public void <init>(android.content.Context,androidx.media3.exoplayer.RenderersFactory)
    public void <init>(android.content.Context,androidx.media3.exoplayer.RenderersFactory,androidx.media3.exoplayer.source.MediaSource$Factory)
    public void <init>(android.content.Context,androidx.media3.exoplayer.RenderersFactory,androidx.media3.exoplayer.source.MediaSource$Factory,androidx.media3.exoplayer.trackselection.TrackSelector,androidx.media3.exoplayer.LoadControl,androidx.media3.exoplayer.upstream.BandwidthMeter,androidx.media3.exoplayer.analytics.AnalyticsCollector)
    public void <init>(android.content.Context,androidx.media3.exoplayer.source.MediaSource$Factory)
    androidx.media3.exoplayer.SimpleExoPlayer buildSimpleExoPlayer()
    public androidx.media3.exoplayer.ExoPlayer$Builder experimentalSetDynamicSchedulingEnabled(boolean)
    public androidx.media3.exoplayer.ExoPlayer$Builder experimentalSetForegroundModeTimeoutMs(long)
    private static synthetic androidx.media3.exoplayer.trackselection.TrackSelector lambda$new$10(androidx.media3.exoplayer.trackselection.TrackSelector)
    private static synthetic androidx.media3.exoplayer.LoadControl lambda$new$11(androidx.media3.exoplayer.LoadControl)
    private static synthetic androidx.media3.exoplayer.upstream.BandwidthMeter lambda$new$12(androidx.media3.exoplayer.upstream.BandwidthMeter)
androidx.media3.exoplayer.ExoPlayer$DeviceComponent
androidx.media3.exoplayer.ExoPlayer$TextComponent
androidx.media3.exoplayer.ExoPlayer$VideoComponent